
> tattty-ai-platform@0.2.0 dev
> next dev

 ΓÜá Port 3000 is in use, trying 3001 instead.
  Γû▓ Next.js 14.2.5
  - Local:        http://localhost:3001
  - Environments: .env.local

 Γ£ô Starting...
 Γ£ô Ready in 3.2s
 Γùï Compiling / ...
 Γ£ô Compiled / in 9s (710 modules)
 GET / 200 in 9987ms
 Γ£ô Compiled in 715ms (341 modules)
 Γ£ô Compiled in 1320ms (341 modules)
 Γùï Compiling /api/questions ...
 Γ£ô Compiled /api/questions in 714ms (401 modules)
 GET /api/questions 200 in 1168ms
 Γùï Compiling /inked ...
 Γ£ô Compiled /inked in 3.5s (964 modules)
<w> [webpack.cache.PackFileCacheStrategy] Caching failed for pack: Error: invalid literal/length code
 POST /inked 200 in 398ms
 POST /inked 200 in 227ms
 Γùï Compiling /inspiration ...
 Γ£ô Compiled /inspiration in 5.6s (942 modules)
 POST /inked 200 in 49ms
 POST /inked 200 in 23ms
<w> [webpack.cache.PackFileCacheStrategy] Caching failed for pack: Error: invalid literal/length code
 Γ£ô Compiled in 9.5s (958 modules)
 Γ£ô Compiled in 323ms (430 modules)
 Γ£ô Compiled in 527ms (430 modules)
 Γ£ô Compiled in 1996ms (430 modules)
 Γ£ô Compiled in 2.2s (430 modules)
 Γ£ô Compiled in 428ms (430 modules)
 Γ£ô Compiled in 979ms (430 modules)
 Γ£ô Compiled in 1796ms (430 modules)
 Γ£ô Compiled in 5.3s (918 modules)
 Γ£ô Compiled in 1463ms (918 modules)
 Γ£ô Compiled in 1556ms (918 modules)
 Γ£ô Compiled in 1313ms (918 modules)
 Γ£ô Compiled in 1502ms (918 modules)
 Γ£ô Compiled in 569ms (410 modules)
 Γ£ô Compiled in 676ms (410 modules)
 Γ£ô Compiled in 499ms (410 modules)
 Γ£ô Compiled in 930ms (410 modules)
 Γ£ô Compiled in 861ms (410 modules)
 Γ£ô Compiled in 7.1s (918 modules)
 Γ£ô Compiled in 925ms (410 modules)
 Γ£ô Compiled in 499ms (410 modules)
 Γ£ô Compiled in 1601ms (918 modules)
 Γ£ô Compiled in 1621ms (918 modules)
 Γ£ô Compiled in 3s (922 modules)
 Γ£ô Compiled in 2.4s (412 modules)
 Γ£ô Compiled in 1803ms (412 modules)
 Γ£ô Compiled in 372ms (412 modules)
 Γ£ô Compiled in 175ms (412 modules)
 Γ£ô Compiled in 142ms (412 modules)
 Γ£ô Compiled in 262ms (412 modules)
 Γ£ô Compiled in 162ms (412 modules)
 Γ£ô Compiled in 199ms (412 modules)
 Γ£ô Compiled in 171ms (412 modules)
 Γ£ô Compiled in 169ms (412 modules)
 Γ£ô Compiled in 148ms (412 modules)
 Γ£ô Compiled in 132ms (412 modules)
 Γ£ô Compiled in 158ms (412 modules)
 Γ£ô Compiled in 149ms (412 modules)
 Γ£ô Compiled in 153ms (412 modules)
 Γ£ô Compiled in 178ms (412 modules)
 Γ£ô Compiled in 165ms (412 modules)
 Γ£ô Compiled in 183ms (412 modules)
 Γ£ô Compiled in 165ms (412 modules)
 Γ£ô Compiled in 184ms (412 modules)
 Γ£ô Compiled in 188ms (412 modules)
 Γ£ô Compiled in 168ms (412 modules)
 Γ£ô Compiled in 171ms (412 modules)
 Γ£ô Compiled in 174ms (412 modules)
 Γ£ô Compiled in 152ms (412 modules)
 Γ£ô Compiled in 163ms (412 modules)
 Γ£ô Compiled in 204ms (412 modules)
 Γ£ô Compiled in 161ms (412 modules)
 Γ£ô Compiled in 156ms (412 modules)
 Γ£ô Compiled in 158ms (412 modules)
 Γ£ô Compiled in 172ms (412 modules)
 Γ£ô Compiled in 162ms (412 modules)
 Γ£ô Compiled in 517ms (412 modules)
 Γ£ô Compiled in 301ms (412 modules)
 Γ£ô Compiled in 217ms (412 modules)
 Γ£ô Compiled in 462ms (922 modules)
 Γ£ô Compiled in 270ms (412 modules)
 Γ£ô Compiled in 170ms (412 modules)
 Γ£ô Compiled in 261ms (412 modules)
 Γ£ô Compiled in 139ms (412 modules)
 Γ£ô Compiled in 162ms (412 modules)
 Γ£ô Compiled in 218ms (412 modules)
 Γ£ô Compiled in 199ms (412 modules)
 Γ£ô Compiled in 221ms (412 modules)
 Γ£ô Compiled in 173ms (412 modules)
 Γ£ô Compiled in 258ms (412 modules)
 Γ£ô Compiled in 194ms (412 modules)
 Γ£ô Compiled in 164ms (412 modules)
 Γ£ô Compiled in 154ms (412 modules)
 Γ£ô Compiled in 173ms (412 modules)
 Γ£ô Compiled in 187ms (412 modules)
 Γ£ô Compiled in 233ms (412 modules)
 Γ£ô Compiled in 220ms (412 modules)
 Γ£ô Compiled in 213ms (412 modules)
 Γ£ô Compiled in 146ms (412 modules)
 Γ£ô Compiled in 153ms (412 modules)
 Γ£ô Compiled in 118ms (412 modules)
 Γ£ô Compiled in 137ms (412 modules)
 Γ£ô Compiled in 134ms (412 modules)
 Γ£ô Compiled in 127ms (412 modules)
 Γ£ô Compiled in 138ms (412 modules)
 Γ£ô Compiled in 184ms (412 modules)
 Γ£ô Compiled in 165ms (412 modules)
 Γ£ô Compiled in 138ms (412 modules)
 Γ£ô Compiled in 118ms (412 modules)
 Γ£ô Compiled in 153ms (412 modules)
 Γ£ô Compiled in 210ms (412 modules)
 Γ£ô Compiled in 163ms (412 modules)
 Γ£ô Compiled in 182ms (412 modules)
 Γ£ô Compiled in 137ms (412 modules)
 Γ£ô Compiled in 204ms (412 modules)
 Γ£ô Compiled in 196ms (412 modules)
 Γ£ô Compiled in 165ms (412 modules)
 Γ£ô Compiled in 167ms (412 modules)
 Γ£ô Compiled in 118ms (412 modules)
 Γ£ô Compiled in 134ms (412 modules)
 Γ£ô Compiled in 106ms (412 modules)
 Γ£ô Compiled in 125ms (412 modules)
 Γ£ô Compiled in 176ms (412 modules)
 Γ£ô Compiled in 167ms (412 modules)
 Γ£ô Compiled in 139ms (412 modules)
 Γ£ô Compiled in 151ms (412 modules)
 Γ£ô Compiled in 148ms (412 modules)
 Γ£ô Compiled in 156ms (412 modules)
 Γ£ô Compiled in 136ms (412 modules)
 Γ£ô Compiled in 168ms (412 modules)
 Γ£ô Compiled in 134ms (412 modules)
 Γ£ô Compiled in 130ms (412 modules)
 Γ£ô Compiled in 149ms (412 modules)
 Γ£ô Compiled in 134ms (412 modules)
 Γ£ô Compiled in 122ms (412 modules)
 Γ£ô Compiled in 164ms (412 modules)
 Γ£ô Compiled in 157ms (412 modules)
 Γ£ô Compiled in 99ms (412 modules)
 Γ£ô Compiled in 156ms (412 modules)
 Γ£ô Compiled in 198ms (412 modules)
 Γ£ô Compiled in 119ms (412 modules)
 Γ£ô Compiled in 251ms (412 modules)
 Γ£ô Compiled in 139ms (412 modules)
 Γ£ô Compiled in 171ms (412 modules)
 Γ£ô Compiled in 121ms (412 modules)
 Γ£ô Compiled in 124ms (412 modules)
 Γ£ô Compiled in 153ms (412 modules)
 Γ£ô Compiled in 180ms (412 modules)
 Γ£ô Compiled in 141ms (412 modules)
 Γ£ô Compiled in 117ms (412 modules)
 Γ£ô Compiled in 140ms (412 modules)
 Γ£ô Compiled in 146ms (412 modules)
 Γ£ô Compiled in 137ms (412 modules)
 Γ£ô Compiled in 154ms (412 modules)
 Γ£ô Compiled in 135ms (412 modules)
 Γ£ô Compiled in 126ms (412 modules)
 Γ£ô Compiled in 127ms (412 modules)
 Γ£ô Compiled in 128ms (412 modules)
 Γ£ô Compiled in 157ms (412 modules)
 Γ£ô Compiled in 154ms (412 modules)
 Γ£ô Compiled in 120ms (412 modules)
 Γ£ô Compiled in 155ms (412 modules)
 Γ£ô Compiled in 140ms (412 modules)
 Γ£ô Compiled in 138ms (412 modules)
 Γ£ô Compiled in 128ms (412 modules)
 Γ£ô Compiled in 159ms (412 modules)
 Γ£ô Compiled in 166ms (412 modules)
 Γ£ô Compiled in 183ms (412 modules)
 Γ£ô Compiled in 114ms (412 modules)
 Γ£ô Compiled in 149ms (412 modules)
 Γ£ô Compiled in 148ms (412 modules)
 Γ£ô Compiled in 129ms (412 modules)
 Γ£ô Compiled in 111ms (412 modules)
 Γ£ô Compiled in 135ms (412 modules)
 Γ£ô Compiled in 207ms (412 modules)
 Γ£ô Compiled in 227ms (412 modules)
 Γ£ô Compiled in 150ms (412 modules)
 Γ£ô Compiled in 140ms (412 modules)
 Γ£ô Compiled in 145ms (412 modules)
 Γ£ô Compiled in 143ms (412 modules)
 Γ£ô Compiled in 133ms (412 modules)
 Γ£ô Compiled in 134ms (412 modules)
 Γ£ô Compiled in 128ms (412 modules)
 Γ£ô Compiled in 128ms (412 modules)
 Γ£ô Compiled in 165ms (412 modules)
 Γ£ô Compiled in 134ms (412 modules)
 Γ£ô Compiled in 158ms (412 modules)
 Γ£ô Compiled in 141ms (412 modules)
 Γ£ô Compiled in 136ms (412 modules)
 Γ£ô Compiled in 139ms (412 modules)
 Γ£ô Compiled in 132ms (412 modules)
 Γ£ô Compiled in 116ms (412 modules)
 Γ£ô Compiled in 125ms (412 modules)
 Γ£ô Compiled in 130ms (412 modules)
 Γ£ô Compiled in 178ms (412 modules)
 Γ£ô Compiled in 115ms (412 modules)
 Γ£ô Compiled in 154ms (412 modules)
 Γ£ô Compiled in 170ms (412 modules)
 Γ£ô Compiled in 137ms (412 modules)
 Γ£ô Compiled in 132ms (412 modules)
 Γ£ô Compiled in 120ms (412 modules)
 Γ£ô Compiled in 181ms (412 modules)
 Γ£ô Compiled in 135ms (412 modules)
 Γ£ô Compiled in 144ms (412 modules)
 Γ£ô Compiled in 136ms (412 modules)
 Γ£ô Compiled in 108ms (412 modules)
 Γ£ô Compiled in 129ms (412 modules)
 Γ£ô Compiled in 159ms (412 modules)
 Γ£ô Compiled in 157ms (412 modules)
 Γ£ô Compiled in 159ms (412 modules)
 Γ£ô Compiled in 150ms (412 modules)
 Γ£ô Compiled in 121ms (412 modules)
 Γ£ô Compiled in 124ms (412 modules)
 Γ£ô Compiled in 173ms (412 modules)
 Γ£ô Compiled in 126ms (412 modules)
 Γ£ô Compiled in 199ms (412 modules)
 Γ£ô Compiled in 130ms (412 modules)
 Γ£ô Compiled in 158ms (412 modules)
 Γ£ô Compiled in 151ms (412 modules)
 Γ£ô Compiled in 119ms (412 modules)
 Γ£ô Compiled in 146ms (412 modules)
 Γ£ô Compiled in 129ms (412 modules)
 Γ£ô Compiled in 152ms (412 modules)
 Γ£ô Compiled in 136ms (412 modules)
 Γ£ô Compiled in 166ms (412 modules)
 Γ£ô Compiled in 149ms (412 modules)
 Γ£ô Compiled in 170ms (412 modules)
 Γ£ô Compiled in 139ms (412 modules)
 Γ£ô Compiled in 167ms (412 modules)
 Γ£ô Compiled in 146ms (412 modules)
 Γ£ô Compiled in 140ms (412 modules)
 Γ£ô Compiled in 117ms (412 modules)
 Γ£ô Compiled in 151ms (412 modules)
 Γ£ô Compiled in 148ms (412 modules)
 Γ£ô Compiled in 164ms (412 modules)
 Γ£ô Compiled in 140ms (412 modules)
 Γ£ô Compiled in 169ms (412 modules)
 Γ£ô Compiled in 143ms (412 modules)
 Γ£ô Compiled in 172ms (412 modules)
 Γ£ô Compiled in 123ms (412 modules)
 Γ£ô Compiled in 154ms (412 modules)
 Γ£ô Compiled in 209ms (412 modules)
 Γ£ô Compiled in 120ms (412 modules)
 Γ£ô Compiled in 137ms (412 modules)
 Γ£ô Compiled in 108ms (412 modules)
 Γ£ô Compiled in 144ms (412 modules)
 Γ£ô Compiled in 154ms (412 modules)
 Γ£ô Compiled in 137ms (412 modules)
 Γ£ô Compiled in 117ms (412 modules)
 Γ£ô Compiled in 122ms (412 modules)
 Γ£ô Compiled in 175ms (412 modules)
 Γ£ô Compiled in 141ms (412 modules)
 Γ£ô Compiled in 125ms (412 modules)
 Γ£ô Compiled in 111ms (412 modules)
 Γ£ô Compiled in 181ms (412 modules)
 Γ£ô Compiled in 143ms (412 modules)
 Γ£ô Compiled in 145ms (412 modules)
 Γ£ô Compiled in 104ms (412 modules)
 Γ£ô Compiled in 127ms (412 modules)
 Γ£ô Compiled in 143ms (412 modules)
 Γ£ô Compiled in 148ms (412 modules)
 Γ£ô Compiled in 111ms (412 modules)
 Γ£ô Compiled in 151ms (412 modules)
 Γ£ô Compiled in 138ms (412 modules)
 Γ£ô Compiled in 142ms (412 modules)
 Γ£ô Compiled in 134ms (412 modules)
 Γ£ô Compiled in 121ms (412 modules)
 Γ£ô Compiled in 143ms (412 modules)
 Γ£ô Compiled in 132ms (412 modules)
 Γ£ô Compiled in 123ms (412 modules)
 Γ£ô Compiled in 122ms (412 modules)
 Γ£ô Compiled in 130ms (412 modules)
 Γ£ô Compiled in 136ms (412 modules)
 Γ£ô Compiled in 132ms (412 modules)
 Γ£ô Compiled in 121ms (412 modules)
 Γ£ô Compiled in 138ms (412 modules)
 Γ£ô Compiled in 153ms (412 modules)
 Γ£ô Compiled in 119ms (412 modules)
 Γ£ô Compiled in 133ms (412 modules)
 Γ£ô Compiled in 131ms (412 modules)
 Γ£ô Compiled in 164ms (412 modules)
 Γ£ô Compiled in 107ms (412 modules)
 Γ£ô Compiled in 129ms (412 modules)
 Γ£ô Compiled in 136ms (412 modules)
 Γ£ô Compiled in 127ms (412 modules)
 Γ£ô Compiled in 139ms (412 modules)
 Γ£ô Compiled in 135ms (412 modules)
 Γ£ô Compiled in 162ms (412 modules)
 Γ£ô Compiled in 126ms (412 modules)
 Γ£ô Compiled in 150ms (412 modules)
 Γ£ô Compiled in 124ms (412 modules)
 Γ£ô Compiled in 110ms (412 modules)
 Γ£ô Compiled in 131ms (412 modules)
 Γ£ô Compiled in 150ms (412 modules)
 Γ£ô Compiled in 129ms (412 modules)
 Γ£ô Compiled in 138ms (412 modules)
 Γ£ô Compiled in 173ms (412 modules)
 Γ£ô Compiled in 144ms (412 modules)
 Γ£ô Compiled in 163ms (412 modules)
 Γ£ô Compiled in 155ms (412 modules)
 Γ£ô Compiled in 133ms (412 modules)
 Γ£ô Compiled in 111ms (412 modules)
 Γ£ô Compiled in 173ms (412 modules)
 Γ£ô Compiled in 134ms (412 modules)
 Γ£ô Compiled in 124ms (412 modules)
 Γ£ô Compiled in 115ms (412 modules)
 Γ£ô Compiled in 149ms (412 modules)
 Γ£ô Compiled in 138ms (412 modules)
 Γ£ô Compiled in 126ms (412 modules)
 Γ£ô Compiled in 127ms (412 modules)
 Γ£ô Compiled in 129ms (412 modules)
 Γ£ô Compiled in 132ms (412 modules)
 Γ£ô Compiled in 128ms (412 modules)
 Γ£ô Compiled in 142ms (412 modules)
 Γ£ô Compiled in 124ms (412 modules)
 Γ£ô Compiled in 129ms (412 modules)
 Γ£ô Compiled in 175ms (412 modules)
 Γ£ô Compiled in 128ms (412 modules)
 Γ£ô Compiled in 148ms (412 modules)
 Γ£ô Compiled in 124ms (412 modules)
 Γ£ô Compiled in 137ms (412 modules)
 Γ£ô Compiled in 145ms (412 modules)
 Γ£ô Compiled in 130ms (412 modules)
 Γ£ô Compiled in 125ms (412 modules)
 Γ£ô Compiled in 140ms (412 modules)
 Γ£ô Compiled in 152ms (412 modules)
 Γ£ô Compiled in 143ms (412 modules)
 Γ£ô Compiled in 151ms (412 modules)
 Γ£ô Compiled in 118ms (412 modules)
 Γ£ô Compiled in 133ms (412 modules)
 Γ£ô Compiled in 164ms (412 modules)
 Γ£ô Compiled in 128ms (412 modules)
 Γ£ô Compiled in 222ms (412 modules)
 Γ£ô Compiled in 100ms (412 modules)
 Γ£ô Compiled in 149ms (412 modules)
 Γ£ô Compiled in 144ms (412 modules)
 Γ£ô Compiled in 123ms (412 modules)
 Γ£ô Compiled in 151ms (412 modules)
 Γ£ô Compiled in 133ms (412 modules)
 Γ£ô Compiled in 129ms (412 modules)
 Γ£ô Compiled in 133ms (412 modules)
 Γ£ô Compiled in 138ms (412 modules)
 Γ£ô Compiled in 133ms (412 modules)
 Γ£ô Compiled in 147ms (412 modules)
 Γ£ô Compiled in 163ms (412 modules)
 Γ£ô Compiled in 124ms (412 modules)
 Γ£ô Compiled in 120ms (412 modules)
 Γ£ô Compiled in 127ms (412 modules)
 Γ£ô Compiled in 139ms (412 modules)
 Γ£ô Compiled in 122ms (412 modules)
 Γ£ô Compiled in 170ms (412 modules)
 Γ£ô Compiled in 144ms (412 modules)
 Γ£ô Compiled in 175ms (412 modules)
 Γ£ô Compiled in 127ms (412 modules)
 Γ£ô Compiled in 123ms (412 modules)
 Γ£ô Compiled in 201ms (412 modules)
 Γ£ô Compiled in 149ms (412 modules)
 Γ£ô Compiled in 135ms (412 modules)
 Γ£ô Compiled in 177ms (412 modules)
 Γ£ô Compiled in 156ms (412 modules)
 Γ£ô Compiled in 126ms (412 modules)
 Γ£ô Compiled in 100ms (412 modules)
 Γ£ô Compiled in 151ms (412 modules)
 Γ£ô Compiled in 135ms (412 modules)
 Γ£ô Compiled in 124ms (412 modules)
 Γ£ô Compiled in 162ms (412 modules)
 Γ£ô Compiled in 164ms (412 modules)
 Γ£ô Compiled in 127ms (412 modules)
 Γ£ô Compiled in 113ms (412 modules)
 Γ£ô Compiled in 181ms (412 modules)
 Γ£ô Compiled in 119ms (412 modules)
 Γ£ô Compiled in 133ms (412 modules)
 Γ£ô Compiled in 173ms (412 modules)
 Γ£ô Compiled in 134ms (412 modules)
 Γ£ô Compiled in 174ms (412 modules)
 Γ£ô Compiled in 126ms (412 modules)
 Γ£ô Compiled in 168ms (412 modules)
 Γ£ô Compiled in 171ms (412 modules)
 Γ£ô Compiled in 139ms (412 modules)
 Γ£ô Compiled in 115ms (412 modules)
 Γ£ô Compiled in 119ms (412 modules)
 Γ£ô Compiled in 158ms (412 modules)
 Γ£ô Compiled in 170ms (412 modules)
 Γ£ô Compiled in 141ms (412 modules)
 Γ£ô Compiled in 142ms (412 modules)
 Γ£ô Compiled in 123ms (412 modules)
 Γ£ô Compiled in 157ms (412 modules)
 Γ£ô Compiled in 158ms (412 modules)
 Γ£ô Compiled in 172ms (412 modules)
 Γ£ô Compiled in 166ms (412 modules)
 Γ£ô Compiled in 150ms (412 modules)
 Γ£ô Compiled in 142ms (412 modules)
 Γ£ô Compiled in 166ms (412 modules)
 Γ£ô Compiled in 152ms (412 modules)
 Γ£ô Compiled in 257ms (412 modules)
 Γ£ô Compiled in 341ms (412 modules)
 Γ£ô Compiled in 289ms (412 modules)
 Γ£ô Compiled in 435ms (412 modules)
 Γ£ô Compiled in 237ms (412 modules)
 Γ£ô Compiled in 240ms (412 modules)
 Γ£ô Compiled in 322ms (412 modules)
 Γ£ô Compiled in 159ms (412 modules)
 Γ£ô Compiled in 163ms (412 modules)
 Γ£ô Compiled in 173ms (412 modules)
 Γ£ô Compiled in 208ms (412 modules)
 Γ£ô Compiled in 123ms (412 modules)
 Γ£ô Compiled in 143ms (412 modules)
 Γ£ô Compiled in 114ms (412 modules)
 Γ£ô Compiled in 138ms (412 modules)
 Γ£ô Compiled in 132ms (412 modules)
 Γ£ô Compiled in 121ms (412 modules)
 Γ£ô Compiled in 146ms (412 modules)
 Γ£ô Compiled in 136ms (412 modules)
 Γ£ô Compiled in 130ms (412 modules)
 Γ£ô Compiled in 152ms (412 modules)
 Γ£ô Compiled in 177ms (412 modules)
 Γ£ô Compiled in 208ms (412 modules)
 Γ£ô Compiled in 120ms (412 modules)
 Γ£ô Compiled in 155ms (412 modules)
 Γ£ô Compiled in 108ms (412 modules)
 Γ£ô Compiled in 137ms (412 modules)
 Γ£ô Compiled in 117ms (412 modules)
 Γ£ô Compiled in 122ms (412 modules)
 Γ£ô Compiled in 164ms (412 modules)
 Γ£ô Compiled in 131ms (412 modules)
 Γ£ô Compiled in 126ms (412 modules)
 Γ£ô Compiled in 145ms (412 modules)
 Γ£ô Compiled in 201ms (412 modules)
 Γ£ô Compiled in 141ms (412 modules)
 Γ£ô Compiled in 124ms (412 modules)
 Γ£ô Compiled in 122ms (412 modules)
 Γ£ô Compiled in 143ms (412 modules)
 Γ£ô Compiled in 142ms (412 modules)
 Γ£ô Compiled in 135ms (412 modules)
 Γ£ô Compiled in 150ms (412 modules)
 Γ£ô Compiled in 170ms (412 modules)
 Γ£ô Compiled in 157ms (412 modules)
 Γ£ô Compiled in 146ms (412 modules)
 Γ£ô Compiled in 165ms (412 modules)
 Γ£ô Compiled in 158ms (412 modules)
 Γ£ô Compiled in 538ms (412 modules)
 Γ£ô Compiled in 714ms (412 modules)
 Γ£ô Compiled in 652ms (412 modules)
 Γ£ô Compiled in 613ms (412 modules)
 Γ£ô Compiled in 470ms (412 modules)
 Γ£ô Compiled in 407ms (412 modules)
 Γ£ô Compiled in 419ms (412 modules)
 Γ£ô Compiled in 425ms (412 modules)
 Γ£ô Compiled in 237ms (412 modules)
 Γ£ô Compiled in 150ms (412 modules)
 Γ£ô Compiled in 137ms (412 modules)
 Γ£ô Compiled in 262ms (412 modules)
 Γ£ô Compiled in 172ms (412 modules)
 Γ£ô Compiled in 136ms (412 modules)
 Γ£ô Compiled in 140ms (412 modules)
 Γ£ô Compiled in 160ms (412 modules)
 Γ£ô Compiled in 185ms (412 modules)
 Γ£ô Compiled in 141ms (412 modules)
 Γ£ô Compiled in 148ms (412 modules)
 Γ£ô Compiled in 193ms (412 modules)
 Γ£ô Compiled in 131ms (412 modules)
 Γ£ô Compiled in 130ms (412 modules)
 Γ£ô Compiled in 118ms (412 modules)
 Γ£ô Compiled in 712ms (412 modules)
 Γ£ô Compiled in 834ms (412 modules)
 Γ£ô Compiled in 376ms (412 modules)
 Γ£ô Compiled in 737ms (412 modules)
 Γ£ô Compiled in 1913ms (412 modules)
 Γ£ô Compiled in 471ms (412 modules)
 Γ£ô Compiled in 579ms (412 modules)
 Γ£ô Compiled in 344ms (412 modules)
 Γ£ô Compiled in 220ms (412 modules)
 Γ£ô Compiled in 335ms (412 modules)
 Γ£ô Compiled in 686ms (412 modules)
 Γ£ô Compiled in 238ms (412 modules)
 Γ£ô Compiled in 249ms (412 modules)
 Γ£ô Compiled in 440ms (412 modules)
 Γ£ô Compiled in 1252ms (412 modules)
 Γ£ô Compiled in 1077ms (412 modules)
 Γ£ô Compiled in 1328ms (922 modules)
 Γ£ô Compiled in 1186ms (930 modules)
 Γ£ô Compiled in 2.5s (930 modules)
 Γ£ô Compiled in 2.4s (930 modules)
 Γ£ô Compiled in 598ms (416 modules)
 Γ£ô Compiled in 724ms (416 modules)
 Γ£ô Compiled in 1904ms (930 modules)
 Γ£ô Compiled in 868ms (416 modules)
 Γ£ô Compiled in 476ms (416 modules)
 Γ£ô Compiled in 512ms (416 modules)
 Γ£ô Compiled in 496ms (416 modules)
 Γ£ô Compiled in 404ms (416 modules)
 Γ£ô Compiled in 719ms (416 modules)
 Γ£ô Compiled in 1097ms (416 modules)
 Γ£ô Compiled in 995ms (416 modules)
 Γ£ô Compiled in 594ms (416 modules)
 Γ£ô Compiled in 301ms (416 modules)
 Γ£ô Compiled in 300ms (416 modules)
 Γ£ô Compiled in 288ms (416 modules)
 Γ£ô Compiled in 458ms (416 modules)
 Γ£ô Compiled in 200ms (416 modules)
 Γ£ô Compiled in 223ms (416 modules)
 Γ£ô Compiled in 239ms (416 modules)
 Γ£ô Compiled in 307ms (416 modules)
 Γ£ô Compiled in 231ms (416 modules)
 Γ£ô Compiled in 227ms (416 modules)
 Γ£ô Compiled in 242ms (416 modules)
 Γ£ô Compiled in 304ms (416 modules)
 Γ£ô Compiled in 250ms (416 modules)
 Γ£ô Compiled in 221ms (416 modules)
 Γ£ô Compiled in 192ms (416 modules)
 Γ£ô Compiled in 186ms (416 modules)
 Γ£ô Compiled in 1085ms (416 modules)
   Reload env: .env.local
   Reload env: .env.local
